http://naver.com
http://se.naver.com/
http://hangeul.naver.com/
http://jr.naver.com
http://hangame.com
http://cafe.naver.com/
http://news.naver.com
http://stock.naver.com
http://land.naver.com
http://map.naver.com
http://movie.naver.com
http://music.naver.com
http://book.naver.com
http://comic.naver.com
http://nv1.veta.naver.com/dr?unit=002AN&tbsz=2&nrefreshx=0
http://vlive.tv/video/8333
http://nv2.veta.naver.com/dr?unit=002AP&nrefreshx=0
http://pholar.co/album/999566/105074
http://pholar.co/post/1058257/8530910
http://se.naver.com
http://section.cafe.naver.com/
http://hangeul.naver.com/2016/nanum
http://hangeul.naver.com/2014/document
